2015/06/10 15:24:10 [error] [exception.CDbException] exception 'CDbException' with message 'CDbConnection failed to open the DB connection: SQLSTATE[42000] [1049] Unknown database 'permiso'' in C:\wamp\www\yii\framework\db\CDbConnection.php:399
Stack trace:
#0 C:\wamp\www\yii\framework\db\CDbConnection.php(347): CDbConnection->open()
#1 C:\wamp\www\yii\framework\db\CDbConnection.php(325): CDbConnection->setActive(true)
#2 C:\wamp\www\yii\framework\base\CModule.php(394): CDbConnection->init()
#3 C:\wamp\www\yii\framework\base\CModule.php(103): CModule->getComponent('db')
#4 C:\wamp\www\yii\framework\gii\generators\model\ModelCode.php(60): CModule->__get('db')
#5 C:\wamp\www\yii\framework\web\CFormModel.php(39): ModelCode->init()
#6 C:\wamp\www\yii\framework\gii\CCodeGenerator.php(153): CFormModel->__construct()
#7 C:\wamp\www\yii\framework\gii\CCodeGenerator.php(63): CCodeGenerator->prepare()
#8 C:\wamp\www\yii\framework\web\actions\CInlineAction.php(49): CCodeGenerator->actionIndex()
#9 C:\wamp\www\yii\framework\web\CController.php(308): CInlineAction->runWithParams(Array)
#10 C:\wamp\www\yii\framework\web\CController.php(286): CController->runAction(Object(CInlineAction))
#11 C:\wamp\www\yii\framework\web\CController.php(265): CController->runActionWithFilters(Object(CInlineAction), Array)
#12 C:\wamp\www\yii\framework\web\CWebApplication.php(282): CController->run('index')
#13 C:\wamp\www\yii\framework\web\CWebApplication.php(141): CWebApplication->runController('gii/model/index')
#14 C:\wamp\www\yii\framework\base\CApplication.php(184): CWebApplication->processRequest()
#15 C:\wamp\www\yii\permisopermiso\index.php(13): CApplication->run()
#16 {main}
REQUEST_URI=/yii/permisopermiso/gii/model/index
HTTP_REFERER=http://localhost/yii/permisopermiso/gii/model/index
---
2015/06/10 15:28:22 [error] [system.db.CDbCommand] CDbCommand::fetch() failed: SQLSTATE[42S22]: Column not found: 1054 Unknown column 'usuario' in 'where clause'. The SQL statement executed was: SELECT * FROM `usuario` `t` WHERE LOWER(usuario)=? LIMIT 1.
in C:\wamp\www\yii\permisopermiso\protected\components\UserIdentity.php (37)
in C:\wamp\www\yii\permisopermiso\protected\models\LoginForm.php (52)
in C:\wamp\www\yii\permisopermiso\protected\controllers\SiteController.php (94)
2015/06/10 15:28:22 [error] [exception.CDbException] exception 'CDbException' with message 'CDbCommand failed to execute the SQL statement: SQLSTATE[42S22]: Column not found: 1054 Unknown column 'usuario' in 'where clause'. The SQL statement executed was: SELECT * FROM `usuario` `t` WHERE LOWER(usuario)=? LIMIT 1' in C:\wamp\www\yii\framework\db\CDbCommand.php:543
Stack trace:
#0 C:\wamp\www\yii\framework\db\CDbCommand.php(415): CDbCommand->queryInternal('fetch', Array, Array)
#1 C:\wamp\www\yii\framework\db\ar\CActiveRecord.php(1356): CDbCommand->queryRow()
#2 C:\wamp\www\yii\framework\db\ar\CActiveRecord.php(1461): CActiveRecord->query(Object(CDbCriteria))
#3 C:\wamp\www\yii\permisopermiso\protected\components\UserIdentity.php(37): CActiveRecord->find('LOWER(usuario)=...', Array)
#4 C:\wamp\www\yii\permisopermiso\protected\models\LoginForm.php(52): UserIdentity->authenticate()
#5 C:\wamp\www\yii\framework\validators\CInlineValidator.php(42): LoginForm->authenticate('password', Array)
#6 C:\wamp\www\yii\framework\validators\CValidator.php(201): CInlineValidator->validateAttribute(Object(LoginForm), 'password')
#7 C:\wamp\www\yii\framework\base\CModel.php(159): CValidator->validate(Object(LoginForm), NULL)
#8 C:\wamp\www\yii\permisopermiso\protected\controllers\SiteController.php(94): CModel->validate()
#9 C:\wamp\www\yii\framework\web\actions\CInlineAction.php(49): SiteController->actionLogin()
#10 C:\wamp\www\yii\framework\web\CController.php(308): CInlineAction->runWithParams(Array)
#11 C:\wamp\www\yii\framework\web\CController.php(286): CController->runAction(Object(CInlineAction))
#12 C:\wamp\www\yii\framework\web\CController.php(265): CController->runActionWithFilters(Object(CInlineAction), Array)
#13 C:\wamp\www\yii\framework\web\CWebApplication.php(282): CController->run('login')
#14 C:\wamp\www\yii\framework\web\CWebApplication.php(141): CWebApplication->runController('site/login')
#15 C:\wamp\www\yii\framework\base\CApplication.php(184): CWebApplication->processRequest()
#16 C:\wamp\www\yii\permisopermiso\index.php(13): CApplication->run()
#17 {main}
REQUEST_URI=/yii/permisopermiso/site/login
HTTP_REFERER=http://localhost/yii/permisopermiso/site/login
---
2015/06/10 15:28:33 [error] [system.db.CDbCommand] CDbCommand::fetch() failed: SQLSTATE[42S22]: Column not found: 1054 Unknown column 'usuario' in 'where clause'. The SQL statement executed was: SELECT * FROM `usuario` `t` WHERE LOWER(usuario)=? LIMIT 1.
in C:\wamp\www\yii\permisopermiso\protected\components\UserIdentity.php (37)
in C:\wamp\www\yii\permisopermiso\protected\models\LoginForm.php (52)
in C:\wamp\www\yii\permisopermiso\protected\controllers\SiteController.php (94)
2015/06/10 15:28:33 [error] [exception.CDbException] exception 'CDbException' with message 'CDbCommand failed to execute the SQL statement: SQLSTATE[42S22]: Column not found: 1054 Unknown column 'usuario' in 'where clause'. The SQL statement executed was: SELECT * FROM `usuario` `t` WHERE LOWER(usuario)=? LIMIT 1' in C:\wamp\www\yii\framework\db\CDbCommand.php:543
Stack trace:
#0 C:\wamp\www\yii\framework\db\CDbCommand.php(415): CDbCommand->queryInternal('fetch', Array, Array)
#1 C:\wamp\www\yii\framework\db\ar\CActiveRecord.php(1356): CDbCommand->queryRow()
#2 C:\wamp\www\yii\framework\db\ar\CActiveRecord.php(1461): CActiveRecord->query(Object(CDbCriteria))
#3 C:\wamp\www\yii\permisopermiso\protected\components\UserIdentity.php(37): CActiveRecord->find('LOWER(usuario)=...', Array)
#4 C:\wamp\www\yii\permisopermiso\protected\models\LoginForm.php(52): UserIdentity->authenticate()
#5 C:\wamp\www\yii\framework\validators\CInlineValidator.php(42): LoginForm->authenticate('password', Array)
#6 C:\wamp\www\yii\framework\validators\CValidator.php(201): CInlineValidator->validateAttribute(Object(LoginForm), 'password')
#7 C:\wamp\www\yii\framework\base\CModel.php(159): CValidator->validate(Object(LoginForm), NULL)
#8 C:\wamp\www\yii\permisopermiso\protected\controllers\SiteController.php(94): CModel->validate()
#9 C:\wamp\www\yii\framework\web\actions\CInlineAction.php(49): SiteController->actionLogin()
#10 C:\wamp\www\yii\framework\web\CController.php(308): CInlineAction->runWithParams(Array)
#11 C:\wamp\www\yii\framework\web\CController.php(286): CController->runAction(Object(CInlineAction))
#12 C:\wamp\www\yii\framework\web\CController.php(265): CController->runActionWithFilters(Object(CInlineAction), Array)
#13 C:\wamp\www\yii\framework\web\CWebApplication.php(282): CController->run('login')
#14 C:\wamp\www\yii\framework\web\CWebApplication.php(141): CWebApplication->runController('site/login')
#15 C:\wamp\www\yii\framework\base\CApplication.php(184): CWebApplication->processRequest()
#16 C:\wamp\www\yii\permisopermiso\index.php(13): CApplication->run()
#17 {main}
REQUEST_URI=/yii/permisopermiso/site/login
HTTP_REFERER=http://localhost/yii/permisopermiso/site/login
---
2015/06/10 15:28:43 [error] [system.db.CDbCommand] CDbCommand::fetch() failed: SQLSTATE[42S22]: Column not found: 1054 Unknown column 'usuario' in 'where clause'. The SQL statement executed was: SELECT * FROM `usuario` `t` WHERE LOWER(usuario)=? LIMIT 1.
in C:\wamp\www\yii\permisopermiso\protected\components\UserIdentity.php (37)
in C:\wamp\www\yii\permisopermiso\protected\models\LoginForm.php (52)
in C:\wamp\www\yii\permisopermiso\protected\controllers\SiteController.php (94)
2015/06/10 15:28:43 [error] [exception.CDbException] exception 'CDbException' with message 'CDbCommand failed to execute the SQL statement: SQLSTATE[42S22]: Column not found: 1054 Unknown column 'usuario' in 'where clause'. The SQL statement executed was: SELECT * FROM `usuario` `t` WHERE LOWER(usuario)=? LIMIT 1' in C:\wamp\www\yii\framework\db\CDbCommand.php:543
Stack trace:
#0 C:\wamp\www\yii\framework\db\CDbCommand.php(415): CDbCommand->queryInternal('fetch', Array, Array)
#1 C:\wamp\www\yii\framework\db\ar\CActiveRecord.php(1356): CDbCommand->queryRow()
#2 C:\wamp\www\yii\framework\db\ar\CActiveRecord.php(1461): CActiveRecord->query(Object(CDbCriteria))
#3 C:\wamp\www\yii\permisopermiso\protected\components\UserIdentity.php(37): CActiveRecord->find('LOWER(usuario)=...', Array)
#4 C:\wamp\www\yii\permisopermiso\protected\models\LoginForm.php(52): UserIdentity->authenticate()
#5 C:\wamp\www\yii\framework\validators\CInlineValidator.php(42): LoginForm->authenticate('password', Array)
#6 C:\wamp\www\yii\framework\validators\CValidator.php(201): CInlineValidator->validateAttribute(Object(LoginForm), 'password')
#7 C:\wamp\www\yii\framework\base\CModel.php(159): CValidator->validate(Object(LoginForm), NULL)
#8 C:\wamp\www\yii\permisopermiso\protected\controllers\SiteController.php(94): CModel->validate()
#9 C:\wamp\www\yii\framework\web\actions\CInlineAction.php(49): SiteController->actionLogin()
#10 C:\wamp\www\yii\framework\web\CController.php(308): CInlineAction->runWithParams(Array)
#11 C:\wamp\www\yii\framework\web\CController.php(286): CController->runAction(Object(CInlineAction))
#12 C:\wamp\www\yii\framework\web\CController.php(265): CController->runActionWithFilters(Object(CInlineAction), Array)
#13 C:\wamp\www\yii\framework\web\CWebApplication.php(282): CController->run('login')
#14 C:\wamp\www\yii\framework\web\CWebApplication.php(141): CWebApplication->runController('site/login')
#15 C:\wamp\www\yii\framework\base\CApplication.php(184): CWebApplication->processRequest()
#16 C:\wamp\www\yii\permisopermiso\index.php(13): CApplication->run()
#17 {main}
REQUEST_URI=/yii/permisopermiso/site/login
HTTP_REFERER=http://localhost/yii/permisopermiso/site/login
---
2015/06/10 15:30:34 [error] [system.db.CDbCommand] CDbCommand::fetch() failed: SQLSTATE[42S22]: Column not found: 1054 Unknown column 'usuario' in 'where clause'. The SQL statement executed was: SELECT * FROM `usuario` `t` WHERE LOWER(usuario)=? LIMIT 1.
in C:\wamp\www\yii\permisopermiso\protected\components\UserIdentity.php (37)
in C:\wamp\www\yii\permisopermiso\protected\models\LoginForm.php (52)
in C:\wamp\www\yii\permisopermiso\protected\controllers\SiteController.php (94)
2015/06/10 15:30:34 [error] [exception.CDbException] exception 'CDbException' with message 'CDbCommand failed to execute the SQL statement: SQLSTATE[42S22]: Column not found: 1054 Unknown column 'usuario' in 'where clause'. The SQL statement executed was: SELECT * FROM `usuario` `t` WHERE LOWER(usuario)=? LIMIT 1' in C:\wamp\www\yii\framework\db\CDbCommand.php:543
Stack trace:
#0 C:\wamp\www\yii\framework\db\CDbCommand.php(415): CDbCommand->queryInternal('fetch', Array, Array)
#1 C:\wamp\www\yii\framework\db\ar\CActiveRecord.php(1356): CDbCommand->queryRow()
#2 C:\wamp\www\yii\framework\db\ar\CActiveRecord.php(1461): CActiveRecord->query(Object(CDbCriteria))
#3 C:\wamp\www\yii\permisopermiso\protected\components\UserIdentity.php(37): CActiveRecord->find('LOWER(usuario)=...', Array)
#4 C:\wamp\www\yii\permisopermiso\protected\models\LoginForm.php(52): UserIdentity->authenticate()
#5 C:\wamp\www\yii\framework\validators\CInlineValidator.php(42): LoginForm->authenticate('password', Array)
#6 C:\wamp\www\yii\framework\validators\CValidator.php(201): CInlineValidator->validateAttribute(Object(LoginForm), 'password')
#7 C:\wamp\www\yii\framework\base\CModel.php(159): CValidator->validate(Object(LoginForm), NULL)
#8 C:\wamp\www\yii\permisopermiso\protected\controllers\SiteController.php(94): CModel->validate()
#9 C:\wamp\www\yii\framework\web\actions\CInlineAction.php(49): SiteController->actionLogin()
#10 C:\wamp\www\yii\framework\web\CController.php(308): CInlineAction->runWithParams(Array)
#11 C:\wamp\www\yii\framework\web\CController.php(286): CController->runAction(Object(CInlineAction))
#12 C:\wamp\www\yii\framework\web\CController.php(265): CController->runActionWithFilters(Object(CInlineAction), Array)
#13 C:\wamp\www\yii\framework\web\CWebApplication.php(282): CController->run('login')
#14 C:\wamp\www\yii\framework\web\CWebApplication.php(141): CWebApplication->runController('site/login')
#15 C:\wamp\www\yii\framework\base\CApplication.php(184): CWebApplication->processRequest()
#16 C:\wamp\www\yii\permisopermiso\index.php(13): CApplication->run()
#17 {main}
REQUEST_URI=/yii/permisopermiso/site/login
HTTP_REFERER=http://localhost/yii/permisopermiso/site/login
---
2015/06/10 15:30:43 [error] [exception.CException] exception 'CException' with message 'Property "LoginForm.usuario" is not defined.' in C:\wamp\www\yii\framework\base\CComponent.php:130
Stack trace:
#0 C:\wamp\www\yii\framework\web\helpers\CHtml.php(2728): CComponent->__get('usuario')
#1 C:\wamp\www\yii\framework\web\helpers\CHtml.php(2451): CHtml::resolveValue(Object(LoginForm), 'usuario')
#2 C:\wamp\www\yii\framework\web\helpers\CHtml.php(1533): CHtml::activeInputField('text', Object(LoginForm), 'usuario', Array)
#3 C:\wamp\www\yii\framework\web\widgets\CActiveForm.php(792): CHtml::activeTextField(Object(LoginForm), 'usuario', Array)
#4 C:\wamp\www\yii\permisopermiso\protected\views\site\login.php(29): CActiveForm->textField(Object(LoginForm), 'usuario')
#5 C:\wamp\www\yii\framework\web\CBaseController.php(126): require('C:\wamp\www\yii...')
#6 C:\wamp\www\yii\framework\web\CBaseController.php(95): CBaseController->renderInternal('C:\wamp\www\yii...', Array, true)
#7 C:\wamp\www\yii\framework\web\CController.php(869): CBaseController->renderFile('C:\wamp\www\yii...', Array, true)
#8 C:\wamp\www\yii\framework\web\CController.php(782): CController->renderPartial('login', Array, true)
#9 C:\wamp\www\yii\permisopermiso\protected\controllers\SiteController.php(98): CController->render('login', Array)
#10 C:\wamp\www\yii\framework\web\actions\CInlineAction.php(49): SiteController->actionLogin()
#11 C:\wamp\www\yii\framework\web\CController.php(308): CInlineAction->runWithParams(Array)
#12 C:\wamp\www\yii\framework\web\CController.php(286): CController->runAction(Object(CInlineAction))
#13 C:\wamp\www\yii\framework\web\CController.php(265): CController->runActionWithFilters(Object(CInlineAction), Array)
#14 C:\wamp\www\yii\framework\web\CWebApplication.php(282): CController->run('login')
#15 C:\wamp\www\yii\framework\web\CWebApplication.php(141): CWebApplication->runController('site/login')
#16 C:\wamp\www\yii\framework\base\CApplication.php(184): CWebApplication->processRequest()
#17 C:\wamp\www\yii\permisopermiso\index.php(13): CApplication->run()
#18 {main}
REQUEST_URI=/yii/permisopermiso/site/login
---
2015/06/10 15:30:47 [error] [exception.CException] exception 'CException' with message 'Property "LoginForm.usuario" is not defined.' in C:\wamp\www\yii\framework\base\CComponent.php:130
Stack trace:
#0 C:\wamp\www\yii\framework\web\helpers\CHtml.php(2728): CComponent->__get('usuario')
#1 C:\wamp\www\yii\framework\web\helpers\CHtml.php(2451): CHtml::resolveValue(Object(LoginForm), 'usuario')
#2 C:\wamp\www\yii\framework\web\helpers\CHtml.php(1533): CHtml::activeInputField('text', Object(LoginForm), 'usuario', Array)
#3 C:\wamp\www\yii\framework\web\widgets\CActiveForm.php(792): CHtml::activeTextField(Object(LoginForm), 'usuario', Array)
#4 C:\wamp\www\yii\permisopermiso\protected\views\site\login.php(29): CActiveForm->textField(Object(LoginForm), 'usuario')
#5 C:\wamp\www\yii\framework\web\CBaseController.php(126): require('C:\wamp\www\yii...')
#6 C:\wamp\www\yii\framework\web\CBaseController.php(95): CBaseController->renderInternal('C:\wamp\www\yii...', Array, true)
#7 C:\wamp\www\yii\framework\web\CController.php(869): CBaseController->renderFile('C:\wamp\www\yii...', Array, true)
#8 C:\wamp\www\yii\framework\web\CController.php(782): CController->renderPartial('login', Array, true)
#9 C:\wamp\www\yii\permisopermiso\protected\controllers\SiteController.php(98): CController->render('login', Array)
#10 C:\wamp\www\yii\framework\web\actions\CInlineAction.php(49): SiteController->actionLogin()
#11 C:\wamp\www\yii\framework\web\CController.php(308): CInlineAction->runWithParams(Array)
#12 C:\wamp\www\yii\framework\web\CController.php(286): CController->runAction(Object(CInlineAction))
#13 C:\wamp\www\yii\framework\web\CController.php(265): CController->runActionWithFilters(Object(CInlineAction), Array)
#14 C:\wamp\www\yii\framework\web\CWebApplication.php(282): CController->run('login')
#15 C:\wamp\www\yii\framework\web\CWebApplication.php(141): CWebApplication->runController('site/login')
#16 C:\wamp\www\yii\framework\base\CApplication.php(184): CWebApplication->processRequest()
#17 C:\wamp\www\yii\permisopermiso\index.php(13): CApplication->run()
#18 {main}
REQUEST_URI=/yii/permisopermiso/site/login
HTTP_REFERER=http://localhost/yii/permisopermiso/
---
2015/06/10 15:30:51 [error] [exception.CException] exception 'CException' with message 'Property "LoginForm.usuario" is not defined.' in C:\wamp\www\yii\framework\base\CComponent.php:130
Stack trace:
#0 C:\wamp\www\yii\framework\web\helpers\CHtml.php(2728): CComponent->__get('usuario')
#1 C:\wamp\www\yii\framework\web\helpers\CHtml.php(2451): CHtml::resolveValue(Object(LoginForm), 'usuario')
#2 C:\wamp\www\yii\framework\web\helpers\CHtml.php(1533): CHtml::activeInputField('text', Object(LoginForm), 'usuario', Array)
#3 C:\wamp\www\yii\framework\web\widgets\CActiveForm.php(792): CHtml::activeTextField(Object(LoginForm), 'usuario', Array)
#4 C:\wamp\www\yii\permisopermiso\protected\views\site\login.php(29): CActiveForm->textField(Object(LoginForm), 'usuario')
#5 C:\wamp\www\yii\framework\web\CBaseController.php(126): require('C:\wamp\www\yii...')
#6 C:\wamp\www\yii\framework\web\CBaseController.php(95): CBaseController->renderInternal('C:\wamp\www\yii...', Array, true)
#7 C:\wamp\www\yii\framework\web\CController.php(869): CBaseController->renderFile('C:\wamp\www\yii...', Array, true)
#8 C:\wamp\www\yii\framework\web\CController.php(782): CController->renderPartial('login', Array, true)
#9 C:\wamp\www\yii\permisopermiso\protected\controllers\SiteController.php(98): CController->render('login', Array)
#10 C:\wamp\www\yii\framework\web\actions\CInlineAction.php(49): SiteController->actionLogin()
#11 C:\wamp\www\yii\framework\web\CController.php(308): CInlineAction->runWithParams(Array)
#12 C:\wamp\www\yii\framework\web\CController.php(286): CController->runAction(Object(CInlineAction))
#13 C:\wamp\www\yii\framework\web\CController.php(265): CController->runActionWithFilters(Object(CInlineAction), Array)
#14 C:\wamp\www\yii\framework\web\CWebApplication.php(282): CController->run('login')
#15 C:\wamp\www\yii\framework\web\CWebApplication.php(141): CWebApplication->runController('site/login')
#16 C:\wamp\www\yii\framework\base\CApplication.php(184): CWebApplication->processRequest()
#17 C:\wamp\www\yii\permisopermiso\index.php(13): CApplication->run()
#18 {main}
REQUEST_URI=/yii/permisopermiso/site/login
HTTP_REFERER=http://localhost/yii/permisopermiso/
---
2015/06/10 17:46:43 [error] [exception.CException] exception 'CException' with message 'Property "LoginForm.usuario" is not defined.' in C:\wamp\www\yii\framework\base\CComponent.php:130
Stack trace:
#0 C:\wamp\www\yii\framework\web\helpers\CHtml.php(2728): CComponent->__get('usuario')
#1 C:\wamp\www\yii\framework\web\helpers\CHtml.php(2451): CHtml::resolveValue(Object(LoginForm), 'usuario')
#2 C:\wamp\www\yii\framework\web\helpers\CHtml.php(1533): CHtml::activeInputField('text', Object(LoginForm), 'usuario', Array)
#3 C:\wamp\www\yii\framework\web\widgets\CActiveForm.php(792): CHtml::activeTextField(Object(LoginForm), 'usuario', Array)
#4 C:\wamp\www\yii\permisopermiso\protected\views\site\login.php(29): CActiveForm->textField(Object(LoginForm), 'usuario')
#5 C:\wamp\www\yii\framework\web\CBaseController.php(126): require('C:\wamp\www\yii...')
#6 C:\wamp\www\yii\framework\web\CBaseController.php(95): CBaseController->renderInternal('C:\wamp\www\yii...', Array, true)
#7 C:\wamp\www\yii\framework\web\CController.php(869): CBaseController->renderFile('C:\wamp\www\yii...', Array, true)
#8 C:\wamp\www\yii\framework\web\CController.php(782): CController->renderPartial('login', Array, true)
#9 C:\wamp\www\yii\permisopermiso\protected\controllers\SiteController.php(98): CController->render('login', Array)
#10 C:\wamp\www\yii\framework\web\actions\CInlineAction.php(49): SiteController->actionLogin()
#11 C:\wamp\www\yii\framework\web\CController.php(308): CInlineAction->runWithParams(Array)
#12 C:\wamp\www\yii\framework\web\CController.php(286): CController->runAction(Object(CInlineAction))
#13 C:\wamp\www\yii\framework\web\CController.php(265): CController->runActionWithFilters(Object(CInlineAction), Array)
#14 C:\wamp\www\yii\framework\web\CWebApplication.php(282): CController->run('login')
#15 C:\wamp\www\yii\framework\web\CWebApplication.php(141): CWebApplication->runController('site/login')
#16 C:\wamp\www\yii\framework\base\CApplication.php(184): CWebApplication->processRequest()
#17 C:\wamp\www\yii\permisopermiso\index.php(13): CApplication->run()
#18 {main}
REQUEST_URI=/yii/permisopermiso/site/login
HTTP_REFERER=http://localhost/yii/permisopermiso/
---
2015/06/10 17:46:46 [error] [exception.CException] exception 'CException' with message 'Property "LoginForm.usuario" is not defined.' in C:\wamp\www\yii\framework\base\CComponent.php:130
Stack trace:
#0 C:\wamp\www\yii\framework\web\helpers\CHtml.php(2728): CComponent->__get('usuario')
#1 C:\wamp\www\yii\framework\web\helpers\CHtml.php(2451): CHtml::resolveValue(Object(LoginForm), 'usuario')
#2 C:\wamp\www\yii\framework\web\helpers\CHtml.php(1533): CHtml::activeInputField('text', Object(LoginForm), 'usuario', Array)
#3 C:\wamp\www\yii\framework\web\widgets\CActiveForm.php(792): CHtml::activeTextField(Object(LoginForm), 'usuario', Array)
#4 C:\wamp\www\yii\permisopermiso\protected\views\site\login.php(29): CActiveForm->textField(Object(LoginForm), 'usuario')
#5 C:\wamp\www\yii\framework\web\CBaseController.php(126): require('C:\wamp\www\yii...')
#6 C:\wamp\www\yii\framework\web\CBaseController.php(95): CBaseController->renderInternal('C:\wamp\www\yii...', Array, true)
#7 C:\wamp\www\yii\framework\web\CController.php(869): CBaseController->renderFile('C:\wamp\www\yii...', Array, true)
#8 C:\wamp\www\yii\framework\web\CController.php(782): CController->renderPartial('login', Array, true)
#9 C:\wamp\www\yii\permisopermiso\protected\controllers\SiteController.php(98): CController->render('login', Array)
#10 C:\wamp\www\yii\framework\web\actions\CInlineAction.php(49): SiteController->actionLogin()
#11 C:\wamp\www\yii\framework\web\CController.php(308): CInlineAction->runWithParams(Array)
#12 C:\wamp\www\yii\framework\web\CController.php(286): CController->runAction(Object(CInlineAction))
#13 C:\wamp\www\yii\framework\web\CController.php(265): CController->runActionWithFilters(Object(CInlineAction), Array)
#14 C:\wamp\www\yii\framework\web\CWebApplication.php(282): CController->run('login')
#15 C:\wamp\www\yii\framework\web\CWebApplication.php(141): CWebApplication->runController('site/login')
#16 C:\wamp\www\yii\framework\base\CApplication.php(184): CWebApplication->processRequest()
#17 C:\wamp\www\yii\permisopermiso\index.php(13): CApplication->run()
#18 {main}
REQUEST_URI=/yii/permisopermiso/site/login
HTTP_REFERER=http://localhost/yii/permisopermiso/
---
2015/06/10 17:49:38 [error] [system.db.CDbCommand] CDbCommand::fetch() failed: SQLSTATE[42S22]: Column not found: 1054 Unknown column 'usuario' in 'where clause'. The SQL statement executed was: SELECT * FROM `usuario` `t` WHERE LOWER(usuario)=? LIMIT 1.
in C:\wamp\www\yii\permisopermiso\protected\components\UserIdentity.php (37)
in C:\wamp\www\yii\permisopermiso\protected\models\LoginForm.php (52)
in C:\wamp\www\yii\permisopermiso\protected\controllers\SiteController.php (94)
2015/06/10 17:49:38 [error] [exception.CDbException] exception 'CDbException' with message 'CDbCommand failed to execute the SQL statement: SQLSTATE[42S22]: Column not found: 1054 Unknown column 'usuario' in 'where clause'. The SQL statement executed was: SELECT * FROM `usuario` `t` WHERE LOWER(usuario)=? LIMIT 1' in C:\wamp\www\yii\framework\db\CDbCommand.php:543
Stack trace:
#0 C:\wamp\www\yii\framework\db\CDbCommand.php(415): CDbCommand->queryInternal('fetch', Array, Array)
#1 C:\wamp\www\yii\framework\db\ar\CActiveRecord.php(1356): CDbCommand->queryRow()
#2 C:\wamp\www\yii\framework\db\ar\CActiveRecord.php(1461): CActiveRecord->query(Object(CDbCriteria))
#3 C:\wamp\www\yii\permisopermiso\protected\components\UserIdentity.php(37): CActiveRecord->find('LOWER(usuario)=...', Array)
#4 C:\wamp\www\yii\permisopermiso\protected\models\LoginForm.php(52): UserIdentity->authenticate()
#5 C:\wamp\www\yii\framework\validators\CInlineValidator.php(42): LoginForm->authenticate('clave', Array)
#6 C:\wamp\www\yii\framework\validators\CValidator.php(201): CInlineValidator->validateAttribute(Object(LoginForm), 'clave')
#7 C:\wamp\www\yii\framework\base\CModel.php(159): CValidator->validate(Object(LoginForm), NULL)
#8 C:\wamp\www\yii\permisopermiso\protected\controllers\SiteController.php(94): CModel->validate()
#9 C:\wamp\www\yii\framework\web\actions\CInlineAction.php(49): SiteController->actionLogin()
#10 C:\wamp\www\yii\framework\web\CController.php(308): CInlineAction->runWithParams(Array)
#11 C:\wamp\www\yii\framework\web\CController.php(286): CController->runAction(Object(CInlineAction))
#12 C:\wamp\www\yii\framework\web\CController.php(265): CController->runActionWithFilters(Object(CInlineAction), Array)
#13 C:\wamp\www\yii\framework\web\CWebApplication.php(282): CController->run('login')
#14 C:\wamp\www\yii\framework\web\CWebApplication.php(141): CWebApplication->runController('site/login')
#15 C:\wamp\www\yii\framework\base\CApplication.php(184): CWebApplication->processRequest()
#16 C:\wamp\www\yii\permisopermiso\index.php(13): CApplication->run()
#17 {main}
REQUEST_URI=/yii/permisopermiso/site/login
HTTP_REFERER=http://localhost/yii/permisopermiso/site/login
---
2015/06/10 17:49:48 [error] [system.db.CDbCommand] CDbCommand::fetch() failed: SQLSTATE[42S22]: Column not found: 1054 Unknown column 'usuario' in 'where clause'. The SQL statement executed was: SELECT * FROM `usuario` `t` WHERE LOWER(usuario)=? LIMIT 1.
in C:\wamp\www\yii\permisopermiso\protected\components\UserIdentity.php (37)
in C:\wamp\www\yii\permisopermiso\protected\models\LoginForm.php (52)
in C:\wamp\www\yii\permisopermiso\protected\controllers\SiteController.php (94)
2015/06/10 17:49:48 [error] [exception.CDbException] exception 'CDbException' with message 'CDbCommand failed to execute the SQL statement: SQLSTATE[42S22]: Column not found: 1054 Unknown column 'usuario' in 'where clause'. The SQL statement executed was: SELECT * FROM `usuario` `t` WHERE LOWER(usuario)=? LIMIT 1' in C:\wamp\www\yii\framework\db\CDbCommand.php:543
Stack trace:
#0 C:\wamp\www\yii\framework\db\CDbCommand.php(415): CDbCommand->queryInternal('fetch', Array, Array)
#1 C:\wamp\www\yii\framework\db\ar\CActiveRecord.php(1356): CDbCommand->queryRow()
#2 C:\wamp\www\yii\framework\db\ar\CActiveRecord.php(1461): CActiveRecord->query(Object(CDbCriteria))
#3 C:\wamp\www\yii\permisopermiso\protected\components\UserIdentity.php(37): CActiveRecord->find('LOWER(usuario)=...', Array)
#4 C:\wamp\www\yii\permisopermiso\protected\models\LoginForm.php(52): UserIdentity->authenticate()
#5 C:\wamp\www\yii\framework\validators\CInlineValidator.php(42): LoginForm->authenticate('clave', Array)
#6 C:\wamp\www\yii\framework\validators\CValidator.php(201): CInlineValidator->validateAttribute(Object(LoginForm), 'clave')
#7 C:\wamp\www\yii\framework\base\CModel.php(159): CValidator->validate(Object(LoginForm), NULL)
#8 C:\wamp\www\yii\permisopermiso\protected\controllers\SiteController.php(94): CModel->validate()
#9 C:\wamp\www\yii\framework\web\actions\CInlineAction.php(49): SiteController->actionLogin()
#10 C:\wamp\www\yii\framework\web\CController.php(308): CInlineAction->runWithParams(Array)
#11 C:\wamp\www\yii\framework\web\CController.php(286): CController->runAction(Object(CInlineAction))
#12 C:\wamp\www\yii\framework\web\CController.php(265): CController->runActionWithFilters(Object(CInlineAction), Array)
#13 C:\wamp\www\yii\framework\web\CWebApplication.php(282): CController->run('login')
#14 C:\wamp\www\yii\framework\web\CWebApplication.php(141): CWebApplication->runController('site/login')
#15 C:\wamp\www\yii\framework\base\CApplication.php(184): CWebApplication->processRequest()
#16 C:\wamp\www\yii\permisopermiso\index.php(13): CApplication->run()
#17 {main}
REQUEST_URI=/yii/permisopermiso/site/login
HTTP_REFERER=http://localhost/yii/permisopermiso/site/login
---
2015/06/10 17:52:21 [warning] [application] Failed to set unsafe attribute "usuario" of "LoginForm".
in C:\wamp\www\yii\permisopermiso\protected\controllers\SiteController.php (92)
in C:\wamp\www\yii\permisopermiso\index.php (13)
2015/06/10 17:52:21 [error] [exception.CException] exception 'CException' with message 'Property "LoginForm.usuario" is not defined.' in C:\wamp\www\yii\framework\base\CComponent.php:130
Stack trace:
#0 C:\wamp\www\yii\framework\web\helpers\CHtml.php(2728): CComponent->__get('usuario')
#1 C:\wamp\www\yii\framework\web\helpers\CHtml.php(2451): CHtml::resolveValue(Object(LoginForm), 'usuario')
#2 C:\wamp\www\yii\framework\web\helpers\CHtml.php(1533): CHtml::activeInputField('text', Object(LoginForm), 'usuario', Array)
#3 C:\wamp\www\yii\framework\web\widgets\CActiveForm.php(792): CHtml::activeTextField(Object(LoginForm), 'usuario', Array)
#4 C:\wamp\www\yii\permisopermiso\protected\views\site\login.php(29): CActiveForm->textField(Object(LoginForm), 'usuario')
#5 C:\wamp\www\yii\framework\web\CBaseController.php(126): require('C:\wamp\www\yii...')
#6 C:\wamp\www\yii\framework\web\CBaseController.php(95): CBaseController->renderInternal('C:\wamp\www\yii...', Array, true)
#7 C:\wamp\www\yii\framework\web\CController.php(869): CBaseController->renderFile('C:\wamp\www\yii...', Array, true)
#8 C:\wamp\www\yii\framework\web\CController.php(782): CController->renderPartial('login', Array, true)
#9 C:\wamp\www\yii\permisopermiso\protected\controllers\SiteController.php(98): CController->render('login', Array)
#10 C:\wamp\www\yii\framework\web\actions\CInlineAction.php(49): SiteController->actionLogin()
#11 C:\wamp\www\yii\framework\web\CController.php(308): CInlineAction->runWithParams(Array)
#12 C:\wamp\www\yii\framework\web\CController.php(286): CController->runAction(Object(CInlineAction))
#13 C:\wamp\www\yii\framework\web\CController.php(265): CController->runActionWithFilters(Object(CInlineAction), Array)
#14 C:\wamp\www\yii\framework\web\CWebApplication.php(282): CController->run('login')
#15 C:\wamp\www\yii\framework\web\CWebApplication.php(141): CWebApplication->runController('site/login')
#16 C:\wamp\www\yii\framework\base\CApplication.php(184): CWebApplication->processRequest()
#17 C:\wamp\www\yii\permisopermiso\index.php(13): CApplication->run()
#18 {main}
REQUEST_URI=/yii/permisopermiso/site/login
HTTP_REFERER=http://localhost/yii/permisopermiso/site/login
---
2015/06/10 17:52:25 [error] [exception.CException] exception 'CException' with message 'Property "LoginForm.usuario" is not defined.' in C:\wamp\www\yii\framework\base\CComponent.php:130
Stack trace:
#0 C:\wamp\www\yii\framework\web\helpers\CHtml.php(2728): CComponent->__get('usuario')
#1 C:\wamp\www\yii\framework\web\helpers\CHtml.php(2451): CHtml::resolveValue(Object(LoginForm), 'usuario')
#2 C:\wamp\www\yii\framework\web\helpers\CHtml.php(1533): CHtml::activeInputField('text', Object(LoginForm), 'usuario', Array)
#3 C:\wamp\www\yii\framework\web\widgets\CActiveForm.php(792): CHtml::activeTextField(Object(LoginForm), 'usuario', Array)
#4 C:\wamp\www\yii\permisopermiso\protected\views\site\login.php(29): CActiveForm->textField(Object(LoginForm), 'usuario')
#5 C:\wamp\www\yii\framework\web\CBaseController.php(126): require('C:\wamp\www\yii...')
#6 C:\wamp\www\yii\framework\web\CBaseController.php(95): CBaseController->renderInternal('C:\wamp\www\yii...', Array, true)
#7 C:\wamp\www\yii\framework\web\CController.php(869): CBaseController->renderFile('C:\wamp\www\yii...', Array, true)
#8 C:\wamp\www\yii\framework\web\CController.php(782): CController->renderPartial('login', Array, true)
#9 C:\wamp\www\yii\permisopermiso\protected\controllers\SiteController.php(98): CController->render('login', Array)
#10 C:\wamp\www\yii\framework\web\actions\CInlineAction.php(49): SiteController->actionLogin()
#11 C:\wamp\www\yii\framework\web\CController.php(308): CInlineAction->runWithParams(Array)
#12 C:\wamp\www\yii\framework\web\CController.php(286): CController->runAction(Object(CInlineAction))
#13 C:\wamp\www\yii\framework\web\CController.php(265): CController->runActionWithFilters(Object(CInlineAction), Array)
#14 C:\wamp\www\yii\framework\web\CWebApplication.php(282): CController->run('login')
#15 C:\wamp\www\yii\framework\web\CWebApplication.php(141): CWebApplication->runController('site/login')
#16 C:\wamp\www\yii\framework\base\CApplication.php(184): CWebApplication->processRequest()
#17 C:\wamp\www\yii\permisopermiso\index.php(13): CApplication->run()
#18 {main}
REQUEST_URI=/yii/permisopermiso/site/login
HTTP_REFERER=http://localhost/yii/permisopermiso/
---
2015/06/10 18:12:27 [error] [exception.CException] exception 'CException' with message 'CDbAuthManager and its behaviors do not have a method or closure named "creatRole".' in C:\wamp\www\yii\framework\base\CComponent.php:266
Stack trace:
#0 C:\wamp\www\yii\permisopermiso\protected\controllers\PaisController.php(125): CComponent->__call('creatRole', Array)
#1 C:\wamp\www\yii\permisopermiso\protected\controllers\PaisController.php(125): CDbAuthManager->creatRole('administracionp...')
#2 C:\wamp\www\yii\framework\web\actions\CInlineAction.php(49): PaisController->actionIndex()
#3 C:\wamp\www\yii\framework\web\CController.php(308): CInlineAction->runWithParams(Array)
#4 C:\wamp\www\yii\framework\web\filters\CFilterChain.php(133): CController->runAction(Object(CInlineAction))
#5 C:\wamp\www\yii\framework\web\filters\CFilter.php(40): CFilterChain->run()
#6 C:\wamp\www\yii\framework\web\CController.php(1145): CFilter->filter(Object(CFilterChain))
#7 C:\wamp\www\yii\framework\web\filters\CInlineFilter.php(58): CController->filterAccessControl(Object(CFilterChain))
#8 C:\wamp\www\yii\framework\web\filters\CFilterChain.php(130): CInlineFilter->filter(Object(CFilterChain))
#9 C:\wamp\www\yii\framework\web\CController.php(291): CFilterChain->run()
#10 C:\wamp\www\yii\framework\web\CController.php(265): CController->runActionWithFilters(Object(CInlineAction), Array)
#11 C:\wamp\www\yii\framework\web\CWebApplication.php(282): CController->run('index')
#12 C:\wamp\www\yii\framework\web\CWebApplication.php(141): CWebApplication->runController('pais/index')
#13 C:\wamp\www\yii\framework\base\CApplication.php(184): CWebApplication->processRequest()
#14 C:\wamp\www\yii\permisopermiso\index.php(13): CApplication->run()
#15 {main}
REQUEST_URI=/yii/permisopermiso/pais/index
---
2015/06/10 18:38:19 [error] [exception.CHttpException.403] exception 'CHttpException' with message 'You are not authorized to perform this action.' in C:\wamp\www\yii\framework\web\auth\CAccessControlFilter.php:182
Stack trace:
#0 C:\wamp\www\yii\framework\web\auth\CAccessControlFilter.php(145): CAccessControlFilter->accessDenied(Object(CWebUser), 'You are not aut...')
#1 C:\wamp\www\yii\framework\web\filters\CFilter.php(38): CAccessControlFilter->preFilter(Object(CFilterChain))
#2 C:\wamp\www\yii\framework\web\CController.php(1145): CFilter->filter(Object(CFilterChain))
#3 C:\wamp\www\yii\framework\web\filters\CInlineFilter.php(58): CController->filterAccessControl(Object(CFilterChain))
#4 C:\wamp\www\yii\framework\web\filters\CFilterChain.php(130): CInlineFilter->filter(Object(CFilterChain))
#5 C:\wamp\www\yii\framework\web\CController.php(291): CFilterChain->run()
#6 C:\wamp\www\yii\framework\web\CController.php(265): CController->runActionWithFilters(Object(CInlineAction), Array)
#7 C:\wamp\www\yii\framework\web\CWebApplication.php(282): CController->run('')
#8 C:\wamp\www\yii\framework\web\CWebApplication.php(141): CWebApplication->runController('fruta')
#9 C:\wamp\www\yii\framework\base\CApplication.php(184): CWebApplication->processRequest()
#10 C:\wamp\www\yii\permisopermiso\index.php(13): CApplication->run()
#11 {main}
REQUEST_URI=/yii/permisopermiso/fruta
---
2015/06/10 18:38:46 [error] [exception.CHttpException.404] exception 'CHttpException' with message 'The system is unable to find the requested action "assign".' in C:\wamp\www\yii\framework\web\CController.php:483
Stack trace:
#0 C:\wamp\www\yii\framework\web\CController.php(270): CController->missingAction('assign')
#1 C:\wamp\www\yii\framework\web\CWebApplication.php(282): CController->run('assign')
#2 C:\wamp\www\yii\framework\web\CWebApplication.php(141): CWebApplication->runController('usuario/assign')
#3 C:\wamp\www\yii\framework\base\CApplication.php(184): CWebApplication->processRequest()
#4 C:\wamp\www\yii\permisopermiso\index.php(13): CApplication->run()
#5 {main}
REQUEST_URI=/yii/permisopermiso/usuario/assign/1?item=administracionfruta
HTTP_REFERER=http://localhost/yii/permisopermiso/usuario/1
---
2015/06/10 18:42:57 [error] [system.db.CDbCommand] CDbCommand::execute() failed: SQLSTATE[23000]: Integrity constraint violation: 1062 Duplicate entry 'administracionpais-3' for key 'PRIMARY'. The SQL statement executed was: INSERT INTO `AuthAssignment` (`itemname`, `userid`, `bizrule`, `data`) VALUES (:itemname, :userid, :bizrule, :data).
in C:\wamp\www\yii\permisopermiso\protected\controllers\PaisController.php (138)
in C:\wamp\www\yii\permisopermiso\index.php (13)
2015/06/10 18:42:57 [error] [exception.CDbException] exception 'CDbException' with message 'CDbCommand failed to execute the SQL statement: SQLSTATE[23000]: Integrity constraint violation: 1062 Duplicate entry 'administracionpais-3' for key 'PRIMARY'. The SQL statement executed was: INSERT INTO `AuthAssignment` (`itemname`, `userid`, `bizrule`, `data`) VALUES (:itemname, :userid, :bizrule, :data)' in C:\wamp\www\yii\framework\db\CDbCommand.php:358
Stack trace:
#0 C:\wamp\www\yii\framework\db\CDbCommand.php(1278): CDbCommand->execute(Array)
#1 C:\wamp\www\yii\framework\web\auth\CDbAuthManager.php(263): CDbCommand->insert('AuthAssignment', Array)
#2 C:\wamp\www\yii\permisopermiso\protected\controllers\PaisController.php(138): CDbAuthManager->assign('administracionp...', 3)
#3 C:\wamp\www\yii\framework\web\actions\CInlineAction.php(49): PaisController->actionIndex()
#4 C:\wamp\www\yii\framework\web\CController.php(308): CInlineAction->runWithParams(Array)
#5 C:\wamp\www\yii\framework\web\filters\CFilterChain.php(133): CController->runAction(Object(CInlineAction))
#6 C:\wamp\www\yii\framework\web\filters\CFilter.php(40): CFilterChain->run()
#7 C:\wamp\www\yii\framework\web\CController.php(1145): CFilter->filter(Object(CFilterChain))
#8 C:\wamp\www\yii\framework\web\filters\CInlineFilter.php(58): CController->filterAccessControl(Object(CFilterChain))
#9 C:\wamp\www\yii\framework\web\filters\CFilterChain.php(130): CInlineFilter->filter(Object(CFilterChain))
#10 C:\wamp\www\yii\framework\web\CController.php(291): CFilterChain->run()
#11 C:\wamp\www\yii\framework\web\CController.php(265): CController->runActionWithFilters(Object(CInlineAction), Array)
#12 C:\wamp\www\yii\framework\web\CWebApplication.php(282): CController->run('')
#13 C:\wamp\www\yii\framework\web\CWebApplication.php(141): CWebApplication->runController('pais')
#14 C:\wamp\www\yii\framework\base\CApplication.php(184): CWebApplication->processRequest()
#15 C:\wamp\www\yii\permisopermiso\index.php(13): CApplication->run()
#16 {main}
REQUEST_URI=/yii/permisopermiso/pais
---
2015/06/10 18:43:12 [error] [system.db.CDbCommand] CDbCommand::execute() failed: SQLSTATE[23000]: Integrity constraint violation: 1062 Duplicate entry 'administracionpais-3' for key 'PRIMARY'. The SQL statement executed was: INSERT INTO `AuthAssignment` (`itemname`, `userid`, `bizrule`, `data`) VALUES (:itemname, :userid, :bizrule, :data).
in C:\wamp\www\yii\permisopermiso\protected\controllers\PaisController.php (138)
in C:\wamp\www\yii\permisopermiso\index.php (13)
2015/06/10 18:43:12 [error] [exception.CDbException] exception 'CDbException' with message 'CDbCommand failed to execute the SQL statement: SQLSTATE[23000]: Integrity constraint violation: 1062 Duplicate entry 'administracionpais-3' for key 'PRIMARY'. The SQL statement executed was: INSERT INTO `AuthAssignment` (`itemname`, `userid`, `bizrule`, `data`) VALUES (:itemname, :userid, :bizrule, :data)' in C:\wamp\www\yii\framework\db\CDbCommand.php:358
Stack trace:
#0 C:\wamp\www\yii\framework\db\CDbCommand.php(1278): CDbCommand->execute(Array)
#1 C:\wamp\www\yii\framework\web\auth\CDbAuthManager.php(263): CDbCommand->insert('AuthAssignment', Array)
#2 C:\wamp\www\yii\permisopermiso\protected\controllers\PaisController.php(138): CDbAuthManager->assign('administracionp...', 3)
#3 C:\wamp\www\yii\framework\web\actions\CInlineAction.php(49): PaisController->actionIndex()
#4 C:\wamp\www\yii\framework\web\CController.php(308): CInlineAction->runWithParams(Array)
#5 C:\wamp\www\yii\framework\web\filters\CFilterChain.php(133): CController->runAction(Object(CInlineAction))
#6 C:\wamp\www\yii\framework\web\filters\CFilter.php(40): CFilterChain->run()
#7 C:\wamp\www\yii\framework\web\CController.php(1145): CFilter->filter(Object(CFilterChain))
#8 C:\wamp\www\yii\framework\web\filters\CInlineFilter.php(58): CController->filterAccessControl(Object(CFilterChain))
#9 C:\wamp\www\yii\framework\web\filters\CFilterChain.php(130): CInlineFilter->filter(Object(CFilterChain))
#10 C:\wamp\www\yii\framework\web\CController.php(291): CFilterChain->run()
#11 C:\wamp\www\yii\framework\web\CController.php(265): CController->runActionWithFilters(Object(CInlineAction), Array)
#12 C:\wamp\www\yii\framework\web\CWebApplication.php(282): CController->run('')
#13 C:\wamp\www\yii\framework\web\CWebApplication.php(141): CWebApplication->runController('pais')
#14 C:\wamp\www\yii\framework\base\CApplication.php(184): CWebApplication->processRequest()
#15 C:\wamp\www\yii\permisopermiso\index.php(13): CApplication->run()
#16 {main}
REQUEST_URI=/yii/permisopermiso/pais
---
2015/06/10 18:43:34 [error] [system.db.CDbCommand] CDbCommand::execute() failed: SQLSTATE[23000]: Integrity constraint violation: 1062 Duplicate entry 'administracionpais-3' for key 'PRIMARY'. The SQL statement executed was: INSERT INTO `AuthAssignment` (`itemname`, `userid`, `bizrule`, `data`) VALUES (:itemname, :userid, :bizrule, :data).
in C:\wamp\www\yii\permisopermiso\protected\controllers\PaisController.php (138)
in C:\wamp\www\yii\permisopermiso\index.php (13)
2015/06/10 18:43:34 [error] [exception.CDbException] exception 'CDbException' with message 'CDbCommand failed to execute the SQL statement: SQLSTATE[23000]: Integrity constraint violation: 1062 Duplicate entry 'administracionpais-3' for key 'PRIMARY'. The SQL statement executed was: INSERT INTO `AuthAssignment` (`itemname`, `userid`, `bizrule`, `data`) VALUES (:itemname, :userid, :bizrule, :data)' in C:\wamp\www\yii\framework\db\CDbCommand.php:358
Stack trace:
#0 C:\wamp\www\yii\framework\db\CDbCommand.php(1278): CDbCommand->execute(Array)
#1 C:\wamp\www\yii\framework\web\auth\CDbAuthManager.php(263): CDbCommand->insert('AuthAssignment', Array)
#2 C:\wamp\www\yii\permisopermiso\protected\controllers\PaisController.php(138): CDbAuthManager->assign('administracionp...', 3)
#3 C:\wamp\www\yii\framework\web\actions\CInlineAction.php(49): PaisController->actionIndex()
#4 C:\wamp\www\yii\framework\web\CController.php(308): CInlineAction->runWithParams(Array)
#5 C:\wamp\www\yii\framework\web\filters\CFilterChain.php(133): CController->runAction(Object(CInlineAction))
#6 C:\wamp\www\yii\framework\web\filters\CFilter.php(40): CFilterChain->run()
#7 C:\wamp\www\yii\framework\web\CController.php(1145): CFilter->filter(Object(CFilterChain))
#8 C:\wamp\www\yii\framework\web\filters\CInlineFilter.php(58): CController->filterAccessControl(Object(CFilterChain))
#9 C:\wamp\www\yii\framework\web\filters\CFilterChain.php(130): CInlineFilter->filter(Object(CFilterChain))
#10 C:\wamp\www\yii\framework\web\CController.php(291): CFilterChain->run()
#11 C:\wamp\www\yii\framework\web\CController.php(265): CController->runActionWithFilters(Object(CInlineAction), Array)
#12 C:\wamp\www\yii\framework\web\CWebApplication.php(282): CController->run('')
#13 C:\wamp\www\yii\framework\web\CWebApplication.php(141): CWebApplication->runController('pais')
#14 C:\wamp\www\yii\framework\base\CApplication.php(184): CWebApplication->processRequest()
#15 C:\wamp\www\yii\permisopermiso\index.php(13): CApplication->run()
#16 {main}
REQUEST_URI=/yii/permisopermiso/pais
---
2015/06/10 18:43:36 [error] [system.db.CDbCommand] CDbCommand::execute() failed: SQLSTATE[23000]: Integrity constraint violation: 1062 Duplicate entry 'administracionpais-3' for key 'PRIMARY'. The SQL statement executed was: INSERT INTO `AuthAssignment` (`itemname`, `userid`, `bizrule`, `data`) VALUES (:itemname, :userid, :bizrule, :data).
in C:\wamp\www\yii\permisopermiso\protected\controllers\PaisController.php (138)
in C:\wamp\www\yii\permisopermiso\index.php (13)
2015/06/10 18:43:36 [error] [exception.CDbException] exception 'CDbException' with message 'CDbCommand failed to execute the SQL statement: SQLSTATE[23000]: Integrity constraint violation: 1062 Duplicate entry 'administracionpais-3' for key 'PRIMARY'. The SQL statement executed was: INSERT INTO `AuthAssignment` (`itemname`, `userid`, `bizrule`, `data`) VALUES (:itemname, :userid, :bizrule, :data)' in C:\wamp\www\yii\framework\db\CDbCommand.php:358
Stack trace:
#0 C:\wamp\www\yii\framework\db\CDbCommand.php(1278): CDbCommand->execute(Array)
#1 C:\wamp\www\yii\framework\web\auth\CDbAuthManager.php(263): CDbCommand->insert('AuthAssignment', Array)
#2 C:\wamp\www\yii\permisopermiso\protected\controllers\PaisController.php(138): CDbAuthManager->assign('administracionp...', 3)
#3 C:\wamp\www\yii\framework\web\actions\CInlineAction.php(49): PaisController->actionIndex()
#4 C:\wamp\www\yii\framework\web\CController.php(308): CInlineAction->runWithParams(Array)
#5 C:\wamp\www\yii\framework\web\filters\CFilterChain.php(133): CController->runAction(Object(CInlineAction))
#6 C:\wamp\www\yii\framework\web\filters\CFilter.php(40): CFilterChain->run()
#7 C:\wamp\www\yii\framework\web\CController.php(1145): CFilter->filter(Object(CFilterChain))
#8 C:\wamp\www\yii\framework\web\filters\CInlineFilter.php(58): CController->filterAccessControl(Object(CFilterChain))
#9 C:\wamp\www\yii\framework\web\filters\CFilterChain.php(130): CInlineFilter->filter(Object(CFilterChain))
#10 C:\wamp\www\yii\framework\web\CController.php(291): CFilterChain->run()
#11 C:\wamp\www\yii\framework\web\CController.php(265): CController->runActionWithFilters(Object(CInlineAction), Array)
#12 C:\wamp\www\yii\framework\web\CWebApplication.php(282): CController->run('')
#13 C:\wamp\www\yii\framework\web\CWebApplication.php(141): CWebApplication->runController('pais')
#14 C:\wamp\www\yii\framework\base\CApplication.php(184): CWebApplication->processRequest()
#15 C:\wamp\www\yii\permisopermiso\index.php(13): CApplication->run()
#16 {main}
REQUEST_URI=/yii/permisopermiso/pais
---
2015/06/10 18:44:28 [error] [exception.CHttpException.403] exception 'CHttpException' with message 'You are not authorized to perform this action.' in C:\wamp\www\yii\framework\web\auth\CAccessControlFilter.php:182
Stack trace:
#0 C:\wamp\www\yii\framework\web\auth\CAccessControlFilter.php(145): CAccessControlFilter->accessDenied(Object(CWebUser), 'You are not aut...')
#1 C:\wamp\www\yii\framework\web\filters\CFilter.php(38): CAccessControlFilter->preFilter(Object(CFilterChain))
#2 C:\wamp\www\yii\framework\web\CController.php(1145): CFilter->filter(Object(CFilterChain))
#3 C:\wamp\www\yii\framework\web\filters\CInlineFilter.php(58): CController->filterAccessControl(Object(CFilterChain))
#4 C:\wamp\www\yii\framework\web\filters\CFilterChain.php(130): CInlineFilter->filter(Object(CFilterChain))
#5 C:\wamp\www\yii\framework\web\CController.php(291): CFilterChain->run()
#6 C:\wamp\www\yii\framework\web\CController.php(265): CController->runActionWithFilters(Object(CInlineAction), Array)
#7 C:\wamp\www\yii\framework\web\CWebApplication.php(282): CController->run('')
#8 C:\wamp\www\yii\framework\web\CWebApplication.php(141): CWebApplication->runController('fruta')
#9 C:\wamp\www\yii\framework\base\CApplication.php(184): CWebApplication->processRequest()
#10 C:\wamp\www\yii\permisopermiso\index.php(13): CApplication->run()
#11 {main}
REQUEST_URI=/yii/permisopermiso/fruta
---
2015/06/10 18:44:42 [error] [exception.CHttpException.403] exception 'CHttpException' with message 'You are not authorized to perform this action.' in C:\wamp\www\yii\framework\web\auth\CAccessControlFilter.php:182
Stack trace:
#0 C:\wamp\www\yii\framework\web\auth\CAccessControlFilter.php(145): CAccessControlFilter->accessDenied(Object(CWebUser), 'You are not aut...')
#1 C:\wamp\www\yii\framework\web\filters\CFilter.php(38): CAccessControlFilter->preFilter(Object(CFilterChain))
#2 C:\wamp\www\yii\framework\web\CController.php(1145): CFilter->filter(Object(CFilterChain))
#3 C:\wamp\www\yii\framework\web\filters\CInlineFilter.php(58): CController->filterAccessControl(Object(CFilterChain))
#4 C:\wamp\www\yii\framework\web\filters\CFilterChain.php(130): CInlineFilter->filter(Object(CFilterChain))
#5 C:\wamp\www\yii\framework\web\CController.php(291): CFilterChain->run()
#6 C:\wamp\www\yii\framework\web\CController.php(265): CController->runActionWithFilters(Object(CInlineAction), Array)
#7 C:\wamp\www\yii\framework\web\CWebApplication.php(282): CController->run('')
#8 C:\wamp\www\yii\framework\web\CWebApplication.php(141): CWebApplication->runController('usuario')
#9 C:\wamp\www\yii\framework\base\CApplication.php(184): CWebApplication->processRequest()
#10 C:\wamp\www\yii\permisopermiso\index.php(13): CApplication->run()
#11 {main}
REQUEST_URI=/yii/permisopermiso/usuario
---
2015/06/10 18:45:25 [error] [exception.CHttpException.403] exception 'CHttpException' with message 'You are not authorized to perform this action.' in C:\wamp\www\yii\framework\web\auth\CAccessControlFilter.php:182
Stack trace:
#0 C:\wamp\www\yii\framework\web\auth\CAccessControlFilter.php(145): CAccessControlFilter->accessDenied(Object(CWebUser), 'You are not aut...')
#1 C:\wamp\www\yii\framework\web\filters\CFilter.php(38): CAccessControlFilter->preFilter(Object(CFilterChain))
#2 C:\wamp\www\yii\framework\web\CController.php(1145): CFilter->filter(Object(CFilterChain))
#3 C:\wamp\www\yii\framework\web\filters\CInlineFilter.php(58): CController->filterAccessControl(Object(CFilterChain))
#4 C:\wamp\www\yii\framework\web\filters\CFilterChain.php(130): CInlineFilter->filter(Object(CFilterChain))
#5 C:\wamp\www\yii\framework\web\CController.php(291): CFilterChain->run()
#6 C:\wamp\www\yii\framework\web\CController.php(265): CController->runActionWithFilters(Object(CInlineAction), Array)
#7 C:\wamp\www\yii\framework\web\CWebApplication.php(282): CController->run('')
#8 C:\wamp\www\yii\framework\web\CWebApplication.php(141): CWebApplication->runController('fruta')
#9 C:\wamp\www\yii\framework\base\CApplication.php(184): CWebApplication->processRequest()
#10 C:\wamp\www\yii\permisopermiso\index.php(13): CApplication->run()
#11 {main}
REQUEST_URI=/yii/permisopermiso/fruta
---
2015/06/10 18:49:20 [error] [exception.CHttpException.403] exception 'CHttpException' with message 'You are not authorized to perform this action.' in C:\wamp\www\yii\framework\web\auth\CAccessControlFilter.php:182
Stack trace:
#0 C:\wamp\www\yii\framework\web\auth\CAccessControlFilter.php(145): CAccessControlFilter->accessDenied(Object(CWebUser), 'You are not aut...')
#1 C:\wamp\www\yii\framework\web\filters\CFilter.php(38): CAccessControlFilter->preFilter(Object(CFilterChain))
#2 C:\wamp\www\yii\framework\web\CController.php(1145): CFilter->filter(Object(CFilterChain))
#3 C:\wamp\www\yii\framework\web\filters\CInlineFilter.php(58): CController->filterAccessControl(Object(CFilterChain))
#4 C:\wamp\www\yii\framework\web\filters\CFilterChain.php(130): CInlineFilter->filter(Object(CFilterChain))
#5 C:\wamp\www\yii\framework\web\CController.php(291): CFilterChain->run()
#6 C:\wamp\www\yii\framework\web\CController.php(265): CController->runActionWithFilters(Object(CInlineAction), Array)
#7 C:\wamp\www\yii\framework\web\CWebApplication.php(282): CController->run('')
#8 C:\wamp\www\yii\framework\web\CWebApplication.php(141): CWebApplication->runController('usuario')
#9 C:\wamp\www\yii\framework\base\CApplication.php(184): CWebApplication->processRequest()
#10 C:\wamp\www\yii\permisopermiso\index.php(13): CApplication->run()
#11 {main}
REQUEST_URI=/yii/permisopermiso/usuario
---
2015/06/10 18:50:24 [error] [exception.CHttpException.403] exception 'CHttpException' with message 'You are not authorized to perform this action.' in C:\wamp\www\yii\framework\web\auth\CAccessControlFilter.php:182
Stack trace:
#0 C:\wamp\www\yii\framework\web\auth\CAccessControlFilter.php(145): CAccessControlFilter->accessDenied(Object(CWebUser), 'You are not aut...')
#1 C:\wamp\www\yii\framework\web\filters\CFilter.php(38): CAccessControlFilter->preFilter(Object(CFilterChain))
#2 C:\wamp\www\yii\framework\web\CController.php(1145): CFilter->filter(Object(CFilterChain))
#3 C:\wamp\www\yii\framework\web\filters\CInlineFilter.php(58): CController->filterAccessControl(Object(CFilterChain))
#4 C:\wamp\www\yii\framework\web\filters\CFilterChain.php(130): CInlineFilter->filter(Object(CFilterChain))
#5 C:\wamp\www\yii\framework\web\CController.php(291): CFilterChain->run()
#6 C:\wamp\www\yii\framework\web\CController.php(265): CController->runActionWithFilters(Object(CInlineAction), Array)
#7 C:\wamp\www\yii\framework\web\CWebApplication.php(282): CController->run('')
#8 C:\wamp\www\yii\framework\web\CWebApplication.php(141): CWebApplication->runController('fruta')
#9 C:\wamp\www\yii\framework\base\CApplication.php(184): CWebApplication->processRequest()
#10 C:\wamp\www\yii\permisopermiso\index.php(13): CApplication->run()
#11 {main}
REQUEST_URI=/yii/permisopermiso/fruta
---
2015/06/10 18:50:25 [error] [exception.CHttpException.403] exception 'CHttpException' with message 'You are not authorized to perform this action.' in C:\wamp\www\yii\framework\web\auth\CAccessControlFilter.php:182
Stack trace:
#0 C:\wamp\www\yii\framework\web\auth\CAccessControlFilter.php(145): CAccessControlFilter->accessDenied(Object(CWebUser), 'You are not aut...')
#1 C:\wamp\www\yii\framework\web\filters\CFilter.php(38): CAccessControlFilter->preFilter(Object(CFilterChain))
#2 C:\wamp\www\yii\framework\web\CController.php(1145): CFilter->filter(Object(CFilterChain))
#3 C:\wamp\www\yii\framework\web\filters\CInlineFilter.php(58): CController->filterAccessControl(Object(CFilterChain))
#4 C:\wamp\www\yii\framework\web\filters\CFilterChain.php(130): CInlineFilter->filter(Object(CFilterChain))
#5 C:\wamp\www\yii\framework\web\CController.php(291): CFilterChain->run()
#6 C:\wamp\www\yii\framework\web\CController.php(265): CController->runActionWithFilters(Object(CInlineAction), Array)
#7 C:\wamp\www\yii\framework\web\CWebApplication.php(282): CController->run('')
#8 C:\wamp\www\yii\framework\web\CWebApplication.php(141): CWebApplication->runController('fruta')
#9 C:\wamp\www\yii\framework\base\CApplication.php(184): CWebApplication->processRequest()
#10 C:\wamp\www\yii\permisopermiso\index.php(13): CApplication->run()
#11 {main}
REQUEST_URI=/yii/permisopermiso/fruta
---
2015/06/10 18:51:51 [error] [exception.CHttpException.403] exception 'CHttpException' with message 'You are not authorized to perform this action.' in C:\wamp\www\yii\framework\web\auth\CAccessControlFilter.php:182
Stack trace:
#0 C:\wamp\www\yii\framework\web\auth\CAccessControlFilter.php(145): CAccessControlFilter->accessDenied(Object(CWebUser), 'You are not aut...')
#1 C:\wamp\www\yii\framework\web\filters\CFilter.php(38): CAccessControlFilter->preFilter(Object(CFilterChain))
#2 C:\wamp\www\yii\framework\web\CController.php(1145): CFilter->filter(Object(CFilterChain))
#3 C:\wamp\www\yii\framework\web\filters\CInlineFilter.php(58): CController->filterAccessControl(Object(CFilterChain))
#4 C:\wamp\www\yii\framework\web\filters\CFilterChain.php(130): CInlineFilter->filter(Object(CFilterChain))
#5 C:\wamp\www\yii\framework\web\CController.php(291): CFilterChain->run()
#6 C:\wamp\www\yii\framework\web\CController.php(265): CController->runActionWithFilters(Object(CInlineAction), Array)
#7 C:\wamp\www\yii\framework\web\CWebApplication.php(282): CController->run('create')
#8 C:\wamp\www\yii\framework\web\CWebApplication.php(141): CWebApplication->runController('fruta/create')
#9 C:\wamp\www\yii\framework\base\CApplication.php(184): CWebApplication->processRequest()
#10 C:\wamp\www\yii\permisopermiso\index.php(13): CApplication->run()
#11 {main}
REQUEST_URI=/yii/permisopermiso/fruta/create
HTTP_REFERER=http://localhost/yii/permisopermiso/fruta
---
2015/06/11 00:42:36 [error] [system.db.CDbCommand] CDbCommand::execute() failed: SQLSTATE[23000]: Integrity constraint violation: 1062 Duplicate entry 'administracionpais-3' for key 'PRIMARY'. The SQL statement executed was: INSERT INTO `AuthAssignment` (`itemname`, `userid`, `bizrule`, `data`) VALUES (:itemname, :userid, :bizrule, :data).
in C:\xampp\htdocs\yii\permisopermiso\protected\controllers\PaisController.php (138)
in C:\xampp\htdocs\yii\permisopermiso\index.php (13)
2015/06/11 00:42:36 [error] [exception.CDbException] exception 'CDbException' with message 'CDbCommand failed to execute the SQL statement: SQLSTATE[23000]: Integrity constraint violation: 1062 Duplicate entry 'administracionpais-3' for key 'PRIMARY'. The SQL statement executed was: INSERT INTO `AuthAssignment` (`itemname`, `userid`, `bizrule`, `data`) VALUES (:itemname, :userid, :bizrule, :data)' in C:\xampp\htdocs\yii\framework\db\CDbCommand.php:358
Stack trace:
#0 C:\xampp\htdocs\yii\framework\db\CDbCommand.php(1278): CDbCommand->execute(Array)
#1 C:\xampp\htdocs\yii\framework\web\auth\CDbAuthManager.php(263): CDbCommand->insert('AuthAssignment', Array)
#2 C:\xampp\htdocs\yii\permisopermiso\protected\controllers\PaisController.php(138): CDbAuthManager->assign('administracionp...', 3)
#3 C:\xampp\htdocs\yii\framework\web\actions\CInlineAction.php(49): PaisController->actionIndex()
#4 C:\xampp\htdocs\yii\framework\web\CController.php(308): CInlineAction->runWithParams(Array)
#5 C:\xampp\htdocs\yii\framework\web\filters\CFilterChain.php(133): CController->runAction(Object(CInlineAction))
#6 C:\xampp\htdocs\yii\framework\web\filters\CFilter.php(40): CFilterChain->run()
#7 C:\xampp\htdocs\yii\framework\web\CController.php(1145): CFilter->filter(Object(CFilterChain))
#8 C:\xampp\htdocs\yii\framework\web\filters\CInlineFilter.php(58): CController->filterAccessControl(Object(CFilterChain))
#9 C:\xampp\htdocs\yii\framework\web\filters\CFilterChain.php(130): CInlineFilter->filter(Object(CFilterChain))
#10 C:\xampp\htdocs\yii\framework\web\CController.php(291): CFilterChain->run()
#11 C:\xampp\htdocs\yii\framework\web\CController.php(265): CController->runActionWithFilters(Object(CInlineAction), Array)
#12 C:\xampp\htdocs\yii\framework\web\CWebApplication.php(282): CController->run('index')
#13 C:\xampp\htdocs\yii\framework\web\CWebApplication.php(141): CWebApplication->runController('pais/index')
#14 C:\xampp\htdocs\yii\framework\base\CApplication.php(184): CWebApplication->processRequest()
#15 C:\xampp\htdocs\yii\permisopermiso\index.php(13): CApplication->run()
#16 {main}
REQUEST_URI=/yii/permisopermiso/pais/index
HTTP_REFERER=http://localhost/yii/permisopermiso/usuario/index
---
2015/06/11 14:21:57 [error] [exception.CHttpException.403] exception 'CHttpException' with message 'You are not authorized to perform this action.' in C:\wamp\www\yii\framework\web\auth\CAccessControlFilter.php:182
Stack trace:
#0 C:\wamp\www\yii\framework\web\auth\CAccessControlFilter.php(145): CAccessControlFilter->accessDenied(Object(CWebUser), 'You are not aut...')
#1 C:\wamp\www\yii\framework\web\filters\CFilter.php(38): CAccessControlFilter->preFilter(Object(CFilterChain))
#2 C:\wamp\www\yii\framework\web\CController.php(1145): CFilter->filter(Object(CFilterChain))
#3 C:\wamp\www\yii\framework\web\filters\CInlineFilter.php(58): CController->filterAccessControl(Object(CFilterChain))
#4 C:\wamp\www\yii\framework\web\filters\CFilterChain.php(130): CInlineFilter->filter(Object(CFilterChain))
#5 C:\wamp\www\yii\framework\web\CController.php(291): CFilterChain->run()
#6 C:\wamp\www\yii\framework\web\CController.php(265): CController->runActionWithFilters(Object(CInlineAction), Array)
#7 C:\wamp\www\yii\framework\web\CWebApplication.php(282): CController->run('index')
#8 C:\wamp\www\yii\framework\web\CWebApplication.php(141): CWebApplication->runController('usuario/index')
#9 C:\wamp\www\yii\framework\base\CApplication.php(184): CWebApplication->processRequest()
#10 C:\wamp\www\yii\permisopermiso\index.php(13): CApplication->run()
#11 {main}
REQUEST_URI=/yii/permisopermiso/usuario/index
HTTP_REFERER=http://localhost/yii/permisopermiso/
---
2015/06/11 14:21:59 [error] [exception.CHttpException.403] exception 'CHttpException' with message 'You are not authorized to perform this action.' in C:\wamp\www\yii\framework\web\auth\CAccessControlFilter.php:182
Stack trace:
#0 C:\wamp\www\yii\framework\web\auth\CAccessControlFilter.php(145): CAccessControlFilter->accessDenied(Object(CWebUser), 'You are not aut...')
#1 C:\wamp\www\yii\framework\web\filters\CFilter.php(38): CAccessControlFilter->preFilter(Object(CFilterChain))
#2 C:\wamp\www\yii\framework\web\CController.php(1145): CFilter->filter(Object(CFilterChain))
#3 C:\wamp\www\yii\framework\web\filters\CInlineFilter.php(58): CController->filterAccessControl(Object(CFilterChain))
#4 C:\wamp\www\yii\framework\web\filters\CFilterChain.php(130): CInlineFilter->filter(Object(CFilterChain))
#5 C:\wamp\www\yii\framework\web\CController.php(291): CFilterChain->run()
#6 C:\wamp\www\yii\framework\web\CController.php(265): CController->runActionWithFilters(Object(CInlineAction), Array)
#7 C:\wamp\www\yii\framework\web\CWebApplication.php(282): CController->run('index')
#8 C:\wamp\www\yii\framework\web\CWebApplication.php(141): CWebApplication->runController('authitem/index')
#9 C:\wamp\www\yii\framework\base\CApplication.php(184): CWebApplication->processRequest()
#10 C:\wamp\www\yii\permisopermiso\index.php(13): CApplication->run()
#11 {main}
REQUEST_URI=/yii/permisopermiso/authitem/index
HTTP_REFERER=http://localhost/yii/permisopermiso/usuario/index
---
2015/06/11 14:22:52 [error] [exception.CHttpException.403] exception 'CHttpException' with message 'You are not authorized to perform this action.' in C:\wamp\www\yii\framework\web\auth\CAccessControlFilter.php:182
Stack trace:
#0 C:\wamp\www\yii\framework\web\auth\CAccessControlFilter.php(145): CAccessControlFilter->accessDenied(Object(CWebUser), 'You are not aut...')
#1 C:\wamp\www\yii\framework\web\filters\CFilter.php(38): CAccessControlFilter->preFilter(Object(CFilterChain))
#2 C:\wamp\www\yii\framework\web\CController.php(1145): CFilter->filter(Object(CFilterChain))
#3 C:\wamp\www\yii\framework\web\filters\CInlineFilter.php(58): CController->filterAccessControl(Object(CFilterChain))
#4 C:\wamp\www\yii\framework\web\filters\CFilterChain.php(130): CInlineFilter->filter(Object(CFilterChain))
#5 C:\wamp\www\yii\framework\web\CController.php(291): CFilterChain->run()
#6 C:\wamp\www\yii\framework\web\CController.php(265): CController->runActionWithFilters(Object(CInlineAction), Array)
#7 C:\wamp\www\yii\framework\web\CWebApplication.php(282): CController->run('index')
#8 C:\wamp\www\yii\framework\web\CWebApplication.php(141): CWebApplication->runController('pais/index')
#9 C:\wamp\www\yii\framework\base\CApplication.php(184): CWebApplication->processRequest()
#10 C:\wamp\www\yii\permisopermiso\index.php(13): CApplication->run()
#11 {main}
REQUEST_URI=/yii/permisopermiso/pais/index
HTTP_REFERER=http://localhost/yii/permisopermiso/
---
2015/06/11 14:22:53 [error] [exception.CHttpException.403] exception 'CHttpException' with message 'You are not authorized to perform this action.' in C:\wamp\www\yii\framework\web\auth\CAccessControlFilter.php:182
Stack trace:
#0 C:\wamp\www\yii\framework\web\auth\CAccessControlFilter.php(145): CAccessControlFilter->accessDenied(Object(CWebUser), 'You are not aut...')
#1 C:\wamp\www\yii\framework\web\filters\CFilter.php(38): CAccessControlFilter->preFilter(Object(CFilterChain))
#2 C:\wamp\www\yii\framework\web\CController.php(1145): CFilter->filter(Object(CFilterChain))
#3 C:\wamp\www\yii\framework\web\filters\CInlineFilter.php(58): CController->filterAccessControl(Object(CFilterChain))
#4 C:\wamp\www\yii\framework\web\filters\CFilterChain.php(130): CInlineFilter->filter(Object(CFilterChain))
#5 C:\wamp\www\yii\framework\web\CController.php(291): CFilterChain->run()
#6 C:\wamp\www\yii\framework\web\CController.php(265): CController->runActionWithFilters(Object(CInlineAction), Array)
#7 C:\wamp\www\yii\framework\web\CWebApplication.php(282): CController->run('index')
#8 C:\wamp\www\yii\framework\web\CWebApplication.php(141): CWebApplication->runController('fruta/index')
#9 C:\wamp\www\yii\framework\base\CApplication.php(184): CWebApplication->processRequest()
#10 C:\wamp\www\yii\permisopermiso\index.php(13): CApplication->run()
#11 {main}
REQUEST_URI=/yii/permisopermiso/fruta/index
HTTP_REFERER=http://localhost/yii/permisopermiso/pais/index
---
2015/06/11 14:22:54 [error] [exception.CHttpException.403] exception 'CHttpException' with message 'You are not authorized to perform this action.' in C:\wamp\www\yii\framework\web\auth\CAccessControlFilter.php:182
Stack trace:
#0 C:\wamp\www\yii\framework\web\auth\CAccessControlFilter.php(145): CAccessControlFilter->accessDenied(Object(CWebUser), 'You are not aut...')
#1 C:\wamp\www\yii\framework\web\filters\CFilter.php(38): CAccessControlFilter->preFilter(Object(CFilterChain))
#2 C:\wamp\www\yii\framework\web\CController.php(1145): CFilter->filter(Object(CFilterChain))
#3 C:\wamp\www\yii\framework\web\filters\CInlineFilter.php(58): CController->filterAccessControl(Object(CFilterChain))
#4 C:\wamp\www\yii\framework\web\filters\CFilterChain.php(130): CInlineFilter->filter(Object(CFilterChain))
#5 C:\wamp\www\yii\framework\web\CController.php(291): CFilterChain->run()
#6 C:\wamp\www\yii\framework\web\CController.php(265): CController->runActionWithFilters(Object(CInlineAction), Array)
#7 C:\wamp\www\yii\framework\web\CWebApplication.php(282): CController->run('index')
#8 C:\wamp\www\yii\framework\web\CWebApplication.php(141): CWebApplication->runController('pais/index')
#9 C:\wamp\www\yii\framework\base\CApplication.php(184): CWebApplication->processRequest()
#10 C:\wamp\www\yii\permisopermiso\index.php(13): CApplication->run()
#11 {main}
REQUEST_URI=/yii/permisopermiso/pais/index
HTTP_REFERER=http://localhost/yii/permisopermiso/fruta/index
---
2015/06/11 14:22:55 [error] [exception.CHttpException.403] exception 'CHttpException' with message 'You are not authorized to perform this action.' in C:\wamp\www\yii\framework\web\auth\CAccessControlFilter.php:182
Stack trace:
#0 C:\wamp\www\yii\framework\web\auth\CAccessControlFilter.php(145): CAccessControlFilter->accessDenied(Object(CWebUser), 'You are not aut...')
#1 C:\wamp\www\yii\framework\web\filters\CFilter.php(38): CAccessControlFilter->preFilter(Object(CFilterChain))
#2 C:\wamp\www\yii\framework\web\CController.php(1145): CFilter->filter(Object(CFilterChain))
#3 C:\wamp\www\yii\framework\web\filters\CInlineFilter.php(58): CController->filterAccessControl(Object(CFilterChain))
#4 C:\wamp\www\yii\framework\web\filters\CFilterChain.php(130): CInlineFilter->filter(Object(CFilterChain))
#5 C:\wamp\www\yii\framework\web\CController.php(291): CFilterChain->run()
#6 C:\wamp\www\yii\framework\web\CController.php(265): CController->runActionWithFilters(Object(CInlineAction), Array)
#7 C:\wamp\www\yii\framework\web\CWebApplication.php(282): CController->run('index')
#8 C:\wamp\www\yii\framework\web\CWebApplication.php(141): CWebApplication->runController('authitem/index')
#9 C:\wamp\www\yii\framework\base\CApplication.php(184): CWebApplication->processRequest()
#10 C:\wamp\www\yii\permisopermiso\index.php(13): CApplication->run()
#11 {main}
REQUEST_URI=/yii/permisopermiso/authitem/index
HTTP_REFERER=http://localhost/yii/permisopermiso/pais/index
---
2015/06/11 14:22:56 [error] [exception.CHttpException.403] exception 'CHttpException' with message 'You are not authorized to perform this action.' in C:\wamp\www\yii\framework\web\auth\CAccessControlFilter.php:182
Stack trace:
#0 C:\wamp\www\yii\framework\web\auth\CAccessControlFilter.php(145): CAccessControlFilter->accessDenied(Object(CWebUser), 'You are not aut...')
#1 C:\wamp\www\yii\framework\web\filters\CFilter.php(38): CAccessControlFilter->preFilter(Object(CFilterChain))
#2 C:\wamp\www\yii\framework\web\CController.php(1145): CFilter->filter(Object(CFilterChain))
#3 C:\wamp\www\yii\framework\web\filters\CInlineFilter.php(58): CController->filterAccessControl(Object(CFilterChain))
#4 C:\wamp\www\yii\framework\web\filters\CFilterChain.php(130): CInlineFilter->filter(Object(CFilterChain))
#5 C:\wamp\www\yii\framework\web\CController.php(291): CFilterChain->run()
#6 C:\wamp\www\yii\framework\web\CController.php(265): CController->runActionWithFilters(Object(CInlineAction), Array)
#7 C:\wamp\www\yii\framework\web\CWebApplication.php(282): CController->run('index')
#8 C:\wamp\www\yii\framework\web\CWebApplication.php(141): CWebApplication->runController('usuario/index')
#9 C:\wamp\www\yii\framework\base\CApplication.php(184): CWebApplication->processRequest()
#10 C:\wamp\www\yii\permisopermiso\index.php(13): CApplication->run()
#11 {main}
REQUEST_URI=/yii/permisopermiso/usuario/index
HTTP_REFERER=http://localhost/yii/permisopermiso/authitem/index
---
2015/06/11 14:25:19 [error] [exception.CHttpException.403] exception 'CHttpException' with message 'You are not authorized to perform this action.' in C:\wamp\www\yii\framework\web\auth\CAccessControlFilter.php:182
Stack trace:
#0 C:\wamp\www\yii\framework\web\auth\CAccessControlFilter.php(145): CAccessControlFilter->accessDenied(Object(CWebUser), 'You are not aut...')
#1 C:\wamp\www\yii\framework\web\filters\CFilter.php(38): CAccessControlFilter->preFilter(Object(CFilterChain))
#2 C:\wamp\www\yii\framework\web\CController.php(1145): CFilter->filter(Object(CFilterChain))
#3 C:\wamp\www\yii\framework\web\filters\CInlineFilter.php(58): CController->filterAccessControl(Object(CFilterChain))
#4 C:\wamp\www\yii\framework\web\filters\CFilterChain.php(130): CInlineFilter->filter(Object(CFilterChain))
#5 C:\wamp\www\yii\framework\web\CController.php(291): CFilterChain->run()
#6 C:\wamp\www\yii\framework\web\CController.php(265): CController->runActionWithFilters(Object(CInlineAction), Array)
#7 C:\wamp\www\yii\framework\web\CWebApplication.php(282): CController->run('index')
#8 C:\wamp\www\yii\framework\web\CWebApplication.php(141): CWebApplication->runController('pais/index')
#9 C:\wamp\www\yii\framework\base\CApplication.php(184): CWebApplication->processRequest()
#10 C:\wamp\www\yii\permisopermiso\index.php(13): CApplication->run()
#11 {main}
REQUEST_URI=/yii/permisopermiso/pais/index
HTTP_REFERER=http://localhost/yii/permisopermiso/fruta/index
---
2015/06/11 14:25:21 [error] [exception.CHttpException.403] exception 'CHttpException' with message 'You are not authorized to perform this action.' in C:\wamp\www\yii\framework\web\auth\CAccessControlFilter.php:182
Stack trace:
#0 C:\wamp\www\yii\framework\web\auth\CAccessControlFilter.php(145): CAccessControlFilter->accessDenied(Object(CWebUser), 'You are not aut...')
#1 C:\wamp\www\yii\framework\web\filters\CFilter.php(38): CAccessControlFilter->preFilter(Object(CFilterChain))
#2 C:\wamp\www\yii\framework\web\CController.php(1145): CFilter->filter(Object(CFilterChain))
#3 C:\wamp\www\yii\framework\web\filters\CInlineFilter.php(58): CController->filterAccessControl(Object(CFilterChain))
#4 C:\wamp\www\yii\framework\web\filters\CFilterChain.php(130): CInlineFilter->filter(Object(CFilterChain))
#5 C:\wamp\www\yii\framework\web\CController.php(291): CFilterChain->run()
#6 C:\wamp\www\yii\framework\web\CController.php(265): CController->runActionWithFilters(Object(CInlineAction), Array)
#7 C:\wamp\www\yii\framework\web\CWebApplication.php(282): CController->run('index')
#8 C:\wamp\www\yii\framework\web\CWebApplication.php(141): CWebApplication->runController('authitem/index')
#9 C:\wamp\www\yii\framework\base\CApplication.php(184): CWebApplication->processRequest()
#10 C:\wamp\www\yii\permisopermiso\index.php(13): CApplication->run()
#11 {main}
REQUEST_URI=/yii/permisopermiso/authitem/index
HTTP_REFERER=http://localhost/yii/permisopermiso/pais/index
---
2015/06/11 14:25:21 [error] [exception.CHttpException.403] exception 'CHttpException' with message 'You are not authorized to perform this action.' in C:\wamp\www\yii\framework\web\auth\CAccessControlFilter.php:182
Stack trace:
#0 C:\wamp\www\yii\framework\web\auth\CAccessControlFilter.php(145): CAccessControlFilter->accessDenied(Object(CWebUser), 'You are not aut...')
#1 C:\wamp\www\yii\framework\web\filters\CFilter.php(38): CAccessControlFilter->preFilter(Object(CFilterChain))
#2 C:\wamp\www\yii\framework\web\CController.php(1145): CFilter->filter(Object(CFilterChain))
#3 C:\wamp\www\yii\framework\web\filters\CInlineFilter.php(58): CController->filterAccessControl(Object(CFilterChain))
#4 C:\wamp\www\yii\framework\web\filters\CFilterChain.php(130): CInlineFilter->filter(Object(CFilterChain))
#5 C:\wamp\www\yii\framework\web\CController.php(291): CFilterChain->run()
#6 C:\wamp\www\yii\framework\web\CController.php(265): CController->runActionWithFilters(Object(CInlineAction), Array)
#7 C:\wamp\www\yii\framework\web\CWebApplication.php(282): CController->run('index')
#8 C:\wamp\www\yii\framework\web\CWebApplication.php(141): CWebApplication->runController('usuario/index')
#9 C:\wamp\www\yii\framework\base\CApplication.php(184): CWebApplication->processRequest()
#10 C:\wamp\www\yii\permisopermiso\index.php(13): CApplication->run()
#11 {main}
REQUEST_URI=/yii/permisopermiso/usuario/index
HTTP_REFERER=http://localhost/yii/permisopermiso/authitem/index
---
2015/06/11 14:25:24 [error] [exception.CHttpException.403] exception 'CHttpException' with message 'You are not authorized to perform this action.' in C:\wamp\www\yii\framework\web\auth\CAccessControlFilter.php:182
Stack trace:
#0 C:\wamp\www\yii\framework\web\auth\CAccessControlFilter.php(145): CAccessControlFilter->accessDenied(Object(CWebUser), 'You are not aut...')
#1 C:\wamp\www\yii\framework\web\filters\CFilter.php(38): CAccessControlFilter->preFilter(Object(CFilterChain))
#2 C:\wamp\www\yii\framework\web\CController.php(1145): CFilter->filter(Object(CFilterChain))
#3 C:\wamp\www\yii\framework\web\filters\CInlineFilter.php(58): CController->filterAccessControl(Object(CFilterChain))
#4 C:\wamp\www\yii\framework\web\filters\CFilterChain.php(130): CInlineFilter->filter(Object(CFilterChain))
#5 C:\wamp\www\yii\framework\web\CController.php(291): CFilterChain->run()
#6 C:\wamp\www\yii\framework\web\CController.php(265): CController->runActionWithFilters(Object(CInlineAction), Array)
#7 C:\wamp\www\yii\framework\web\CWebApplication.php(282): CController->run('index')
#8 C:\wamp\www\yii\framework\web\CWebApplication.php(141): CWebApplication->runController('pais/index')
#9 C:\wamp\www\yii\framework\base\CApplication.php(184): CWebApplication->processRequest()
#10 C:\wamp\www\yii\permisopermiso\index.php(13): CApplication->run()
#11 {main}
REQUEST_URI=/yii/permisopermiso/pais/index
HTTP_REFERER=http://localhost/yii/permisopermiso/fruta/index
---
2015/06/11 14:26:08 [error] [exception.CHttpException.403] exception 'CHttpException' with message 'You are not authorized to perform this action.' in C:\wamp\www\yii\framework\web\auth\CAccessControlFilter.php:182
Stack trace:
#0 C:\wamp\www\yii\framework\web\auth\CAccessControlFilter.php(145): CAccessControlFilter->accessDenied(Object(CWebUser), 'You are not aut...')
#1 C:\wamp\www\yii\framework\web\filters\CFilter.php(38): CAccessControlFilter->preFilter(Object(CFilterChain))
#2 C:\wamp\www\yii\framework\web\CController.php(1145): CFilter->filter(Object(CFilterChain))
#3 C:\wamp\www\yii\framework\web\filters\CInlineFilter.php(58): CController->filterAccessControl(Object(CFilterChain))
#4 C:\wamp\www\yii\framework\web\filters\CFilterChain.php(130): CInlineFilter->filter(Object(CFilterChain))
#5 C:\wamp\www\yii\framework\web\CController.php(291): CFilterChain->run()
#6 C:\wamp\www\yii\framework\web\CController.php(265): CController->runActionWithFilters(Object(CInlineAction), Array)
#7 C:\wamp\www\yii\framework\web\CWebApplication.php(282): CController->run('index')
#8 C:\wamp\www\yii\framework\web\CWebApplication.php(141): CWebApplication->runController('fruta/index')
#9 C:\wamp\www\yii\framework\base\CApplication.php(184): CWebApplication->processRequest()
#10 C:\wamp\www\yii\permisopermiso\index.php(13): CApplication->run()
#11 {main}
REQUEST_URI=/yii/permisopermiso/fruta/index
HTTP_REFERER=http://localhost/yii/permisopermiso/pais/index
---
2015/06/11 14:26:09 [error] [exception.CHttpException.403] exception 'CHttpException' with message 'You are not authorized to perform this action.' in C:\wamp\www\yii\framework\web\auth\CAccessControlFilter.php:182
Stack trace:
#0 C:\wamp\www\yii\framework\web\auth\CAccessControlFilter.php(145): CAccessControlFilter->accessDenied(Object(CWebUser), 'You are not aut...')
#1 C:\wamp\www\yii\framework\web\filters\CFilter.php(38): CAccessControlFilter->preFilter(Object(CFilterChain))
#2 C:\wamp\www\yii\framework\web\CController.php(1145): CFilter->filter(Object(CFilterChain))
#3 C:\wamp\www\yii\framework\web\filters\CInlineFilter.php(58): CController->filterAccessControl(Object(CFilterChain))
#4 C:\wamp\www\yii\framework\web\filters\CFilterChain.php(130): CInlineFilter->filter(Object(CFilterChain))
#5 C:\wamp\www\yii\framework\web\CController.php(291): CFilterChain->run()
#6 C:\wamp\www\yii\framework\web\CController.php(265): CController->runActionWithFilters(Object(CInlineAction), Array)
#7 C:\wamp\www\yii\framework\web\CWebApplication.php(282): CController->run('index')
#8 C:\wamp\www\yii\framework\web\CWebApplication.php(141): CWebApplication->runController('authitem/index')
#9 C:\wamp\www\yii\framework\base\CApplication.php(184): CWebApplication->processRequest()
#10 C:\wamp\www\yii\permisopermiso\index.php(13): CApplication->run()
#11 {main}
REQUEST_URI=/yii/permisopermiso/authitem/index
HTTP_REFERER=http://localhost/yii/permisopermiso/fruta/index
---
2015/06/11 14:26:11 [error] [exception.CHttpException.403] exception 'CHttpException' with message 'You are not authorized to perform this action.' in C:\wamp\www\yii\framework\web\auth\CAccessControlFilter.php:182
Stack trace:
#0 C:\wamp\www\yii\framework\web\auth\CAccessControlFilter.php(145): CAccessControlFilter->accessDenied(Object(CWebUser), 'You are not aut...')
#1 C:\wamp\www\yii\framework\web\filters\CFilter.php(38): CAccessControlFilter->preFilter(Object(CFilterChain))
#2 C:\wamp\www\yii\framework\web\CController.php(1145): CFilter->filter(Object(CFilterChain))
#3 C:\wamp\www\yii\framework\web\filters\CInlineFilter.php(58): CController->filterAccessControl(Object(CFilterChain))
#4 C:\wamp\www\yii\framework\web\filters\CFilterChain.php(130): CInlineFilter->filter(Object(CFilterChain))
#5 C:\wamp\www\yii\framework\web\CController.php(291): CFilterChain->run()
#6 C:\wamp\www\yii\framework\web\CController.php(265): CController->runActionWithFilters(Object(CInlineAction), Array)
#7 C:\wamp\www\yii\framework\web\CWebApplication.php(282): CController->run('index')
#8 C:\wamp\www\yii\framework\web\CWebApplication.php(141): CWebApplication->runController('usuario/index')
#9 C:\wamp\www\yii\framework\base\CApplication.php(184): CWebApplication->processRequest()
#10 C:\wamp\www\yii\permisopermiso\index.php(13): CApplication->run()
#11 {main}
REQUEST_URI=/yii/permisopermiso/usuario/index
HTTP_REFERER=http://localhost/yii/permisopermiso/authitem/index
---
2015/06/11 14:26:36 [error] [exception.CHttpException.403] exception 'CHttpException' with message 'You are not authorized to perform this action.' in C:\wamp\www\yii\framework\web\auth\CAccessControlFilter.php:182
Stack trace:
#0 C:\wamp\www\yii\framework\web\auth\CAccessControlFilter.php(145): CAccessControlFilter->accessDenied(Object(CWebUser), 'You are not aut...')
#1 C:\wamp\www\yii\framework\web\filters\CFilter.php(38): CAccessControlFilter->preFilter(Object(CFilterChain))
#2 C:\wamp\www\yii\framework\web\CController.php(1145): CFilter->filter(Object(CFilterChain))
#3 C:\wamp\www\yii\framework\web\filters\CInlineFilter.php(58): CController->filterAccessControl(Object(CFilterChain))
#4 C:\wamp\www\yii\framework\web\filters\CFilterChain.php(130): CInlineFilter->filter(Object(CFilterChain))
#5 C:\wamp\www\yii\framework\web\CController.php(291): CFilterChain->run()
#6 C:\wamp\www\yii\framework\web\CController.php(265): CController->runActionWithFilters(Object(CInlineAction), Array)
#7 C:\wamp\www\yii\framework\web\CWebApplication.php(282): CController->run('create')
#8 C:\wamp\www\yii\framework\web\CWebApplication.php(141): CWebApplication->runController('pais/create')
#9 C:\wamp\www\yii\framework\base\CApplication.php(184): CWebApplication->processRequest()
#10 C:\wamp\www\yii\permisopermiso\index.php(13): CApplication->run()
#11 {main}
REQUEST_URI=/yii/permisopermiso/pais/create
HTTP_REFERER=http://localhost/yii/permisopermiso/pais/index
---
2015/06/11 14:26:57 [error] [exception.CHttpException.403] exception 'CHttpException' with message 'You are not authorized to perform this action.' in C:\wamp\www\yii\framework\web\auth\CAccessControlFilter.php:182
Stack trace:
#0 C:\wamp\www\yii\framework\web\auth\CAccessControlFilter.php(145): CAccessControlFilter->accessDenied(Object(CWebUser), 'You are not aut...')
#1 C:\wamp\www\yii\framework\web\filters\CFilter.php(38): CAccessControlFilter->preFilter(Object(CFilterChain))
#2 C:\wamp\www\yii\framework\web\CController.php(1145): CFilter->filter(Object(CFilterChain))
#3 C:\wamp\www\yii\framework\web\filters\CInlineFilter.php(58): CController->filterAccessControl(Object(CFilterChain))
#4 C:\wamp\www\yii\framework\web\filters\CFilterChain.php(130): CInlineFilter->filter(Object(CFilterChain))
#5 C:\wamp\www\yii\framework\web\CController.php(291): CFilterChain->run()
#6 C:\wamp\www\yii\framework\web\CController.php(265): CController->runActionWithFilters(Object(CInlineAction), Array)
#7 C:\wamp\www\yii\framework\web\CWebApplication.php(282): CController->run('create')
#8 C:\wamp\www\yii\framework\web\CWebApplication.php(141): CWebApplication->runController('pais/create')
#9 C:\wamp\www\yii\framework\base\CApplication.php(184): CWebApplication->processRequest()
#10 C:\wamp\www\yii\permisopermiso\index.php(13): CApplication->run()
#11 {main}
REQUEST_URI=/yii/permisopermiso/pais/create
HTTP_REFERER=http://localhost/yii/permisopermiso/pais/index
---
2015/06/11 14:56:08 [error] [php] Object of class PaisController could not be converted to string (C:\wamp\www\yii\permisopermiso\protected\controllers\PaisController.php:68)
Stack trace:
#0 C:\wamp\www\yii\framework\web\actions\CInlineAction.php(47): CInlineAction->runWithParamsInternal()
#1 C:\wamp\www\yii\framework\web\CController.php(308): CInlineAction->runWithParams()
#2 C:\wamp\www\yii\framework\web\filters\CFilterChain.php(133): PaisController->runAction()
#3 C:\wamp\www\yii\framework\web\filters\CFilter.php(40): CFilterChain->run()
#4 C:\wamp\www\yii\framework\web\CController.php(1145): CAccessControlFilter->filter()
#5 C:\wamp\www\yii\framework\web\filters\CInlineFilter.php(58): PaisController->filterAccessControl()
#6 C:\wamp\www\yii\framework\web\filters\CFilterChain.php(130): CInlineFilter->filter()
#7 C:\wamp\www\yii\framework\web\CController.php(291): CFilterChain->run()
#8 C:\wamp\www\yii\framework\web\CController.php(265): PaisController->runActionWithFilters()
#9 C:\wamp\www\yii\framework\web\CWebApplication.php(282): PaisController->run()
#10 C:\wamp\www\yii\framework\web\CWebApplication.php(141): CWebApplication->runController()
#11 C:\wamp\www\yii\framework\base\CApplication.php(184): CWebApplication->processRequest()
#12 C:\wamp\www\yii\permisopermiso\index.php(13): CWebApplication->run()
REQUEST_URI=/yii/permisopermiso/pais/1
in C:\wamp\www\yii\permisopermiso\protected\controllers\PaisController.php (68)
in C:\wamp\www\yii\permisopermiso\index.php (13)
2015/06/11 14:57:59 [error] [exception.CHttpException.403] exception 'CHttpException' with message 'You are not authorized to perform this action.' in C:\wamp\www\yii\framework\web\auth\CAccessControlFilter.php:182
Stack trace:
#0 C:\wamp\www\yii\framework\web\auth\CAccessControlFilter.php(145): CAccessControlFilter->accessDenied(Object(CWebUser), 'You are not aut...')
#1 C:\wamp\www\yii\framework\web\filters\CFilter.php(38): CAccessControlFilter->preFilter(Object(CFilterChain))
#2 C:\wamp\www\yii\framework\web\CController.php(1145): CFilter->filter(Object(CFilterChain))
#3 C:\wamp\www\yii\framework\web\filters\CInlineFilter.php(58): CController->filterAccessControl(Object(CFilterChain))
#4 C:\wamp\www\yii\framework\web\filters\CFilterChain.php(130): CInlineFilter->filter(Object(CFilterChain))
#5 C:\wamp\www\yii\framework\web\CController.php(291): CFilterChain->run()
#6 C:\wamp\www\yii\framework\web\CController.php(265): CController->runActionWithFilters(Object(CInlineAction), Array)
#7 C:\wamp\www\yii\framework\web\CWebApplication.php(282): CController->run('index')
#8 C:\wamp\www\yii\framework\web\CWebApplication.php(141): CWebApplication->runController('usuario/index')
#9 C:\wamp\www\yii\framework\base\CApplication.php(184): CWebApplication->processRequest()
#10 C:\wamp\www\yii\permisopermiso\index.php(13): CApplication->run()
#11 {main}
REQUEST_URI=/yii/permisopermiso/usuario/index
HTTP_REFERER=http://localhost/yii/permisopermiso/pais/1
---
